==4003== Memcheck, a memory error detector
==4003== Copyright (C) 2002-2017, and GNU GPL'd, by Julian Seward et al.
==4003== Using Valgrind-3.14.0 and LibVEX; rerun with -h for copyright info
==4003== Command: keyvalue test1.in test2.in test3.in
==4003== 
::::::::::::::::::::::::::::::::
test1.in
::::::::::::::::::::::::::::::::
test1.in: 1: a=b
a = b
test1.in: 2: key=value
key = value
test1.in: 3: this=is a test
this = is a test
test1.in: 4: this
this
this = is a test
test1.in: 5: key
key
key = value
test1.in: 6: a
a
a = b
test1.in: 7: =
 = 
test1.in: 8: # $Id: test1.in,v 1.2 2021-02-08 14:03:08-08 - - $
comment.
::::::::::::::::::::::::::::::::
test2.in
::::::::::::::::::::::::::::::::
test2.in: 1: key=value
key = value
test2.in: 2: second=third
second = third
test2.in: 3: foo=bar
foo = bar
test2.in: 4: f1=51
f1 = 51
test2.in: 5: f2=52
f2 = 52
test2.in: 6: foobar=baz
foobar = baz
test2.in: 7: baz=quux
baz = quux
test2.in: 8: this=is=a=test
this = is=a=test
test2.in: 9: =
 = 
test2.in: 10: a=value
a = value
test2.in: 11: b=value
b = value
test2.in: 12: =value
 = value
test2.in: 13: # $Id: test2.in,v 1.1 2016-06-28 14:48:38-07 - - $
comment.
::::::::::::::::::::::::::::::::
test3.in
::::::::::::::::::::::::::::::::
test3.in: 1: # Comments should be ignored
comment.
test3.in: 2: also ignore blank lines
also ignore blank lines
also ignore blank lines: key not found
test3.in: 3: this file contains nonexistent keys
this file contains nonexistent keys
this file contains nonexistent keys: key not found
test3.in: 4: all output should be error messages
all output should be error messages
all output should be error messages: key not found
test3.in: 5: # $Id: test3.in,v 1.1 2016-06-28 14:48:38-07 - - $
comment.
==4003== 
==4003== HEAP SUMMARY:
==4003==     in use at exit: 214 bytes in 7 blocks
==4003==   total heap usage: 30,594 allocs, 30,587 frees, 582,532 bytes allocated
==4003== 
==4003== LEAK SUMMARY:
==4003==    definitely lost: 128 bytes in 4 blocks
==4003==    indirectly lost: 86 bytes in 3 blocks
==4003==      possibly lost: 0 bytes in 0 blocks
==4003==    still reachable: 0 bytes in 0 blocks
==4003==         suppressed: 0 bytes in 0 blocks
==4003== Rerun with --leak-check=full to see details of leaked memory
==4003== 
==4003== For counts of detected and suppressed errors, rerun with: -v
==4003== ERROR SUMMARY: 0 errors from 0 contexts (suppressed: 0 from 0)
