::::::::::::::::::::::::::::::::
hello.cpp.log
::::::::::::::::::::::::::::::::
     1	@@@@@@@@@@@@@@@@@@@@@@@@@@@@@@@@ mkc: starting hello.cpp
     2	$Id: hello.cpp,v 1.12 2018-06-20 14:54:24-07 - - $
     3	checksource hello.cpp
     4	hello.cpp: $Id: hello.cpp,v 1.12 2018-06-20 14:54:24-07 - - $
     5	cpplint.py.perl hello.cpp
     6	Done processing hello.cpp
     7	g++ -Wall -Wextra -Wpedantic -Wshadow -fdiagnostics-color=never -std=gnu++2a -Wold-style-cast -g -O0 hello.cpp -o hello -lm
     8	rm -f hello.o
     9	@@@@@@@@@@@@@@@@@@@@@@@@@@@@@@@@ mkc: finished hello.cpp
::::::::::::::::::::::::::::::::
hello.out
::::::::::::::::::::::::::::::::
     1	Hello, world!
     2	Exec name is ./hello
::::::::::::::::::::::::::::::::
hello.err
::::::::::::::::::::::::::::::::
     1	argc = 1
::::::::::::::::::::::::::::::::
hello.exit
::::::::::::::::::::::::::::::::
     1	EXIT STATUS = 0
