D_PRECISION = 15
D_EPSILON = 2.220446049250313081e-16
DC_PI = (3.141592653589793116,-0)
DC_I = (0,1)

euler_exp (DC_PI) = (-1,1.224646799147353207e-16)
euler_trig (DC_PI) = (-1,1.224646799147353207e-16)
abs (euler_exp (DC_PI) - euler_trig (DC_PI)) <= D_EPSILON = true

euler_exp (DC_I) = (0.367879441171442334,0)
euler_trig (DC_I) = (0.367879441171442334,0)
abs (euler_exp (DC_I) - euler_trig (DC_I)) <= D_EPSILON = true

euler_exp (0) = (1,0)
euler_trig (0) = (1,0)
abs (euler_exp (0) - euler_trig (0)) <= D_EPSILON = true

What is epsilon?
1 + 9.999999999999999547e-08 = 1.000000100000000058
1 + 1.000000000000000021e-08 = 1.000000009999999939
1 + 1.000000000000000062e-09 = 1.000000001000000083
1 + 1.000000000000000036e-10 = 1.000000000100000008
1 + 1.000000000000000101e-11 = 1.000000000010000001
1 + 1.000000000000000182e-12 = 1.000000000001000089
1 + 1.000000000000000157e-13 = 1.00000000000009992
1 + 1.000000000000000157e-14 = 1.000000000000009992
1 + 1.000000000000000078e-15 = 1.00000000000000111
1 + 1.000000000000000102e-16 = 1
