 1  0 bool               0 .. 1
 1  2 char               -128 .. 127
 1  2 signed char        -128 .. 127
 1  2 unsigned char      0 .. 255
 2  4 short              -32768 .. 32767
 2  4 signed short       -32768 .. 32767
 2  4 unsigned short     0 .. 65535
 4  9 int                -2147483648 .. 2147483647
 4  9 signed int         -2147483648 .. 2147483647
 4  9 unsigned int       0 .. 4294967295
 4  9 unsigned           0 .. 4294967295
 8 18 long               -9223372036854775808 .. 9223372036854775807
 8 18 signed long        -9223372036854775808 .. 9223372036854775807
 8 19 unsigned long      0 .. 18446744073709551615
 8 18 long long          -9223372036854775808 .. 9223372036854775807
 8 18 signed long long   -9223372036854775808 .. 9223372036854775807
 8 19 unsigned long long 0 .. 18446744073709551615
 4  6 float              1.17549e-38 .. 3.40282e+38
 8 15 double             2.2250738585072e-308 .. 1.79769313486232e+308
16 18 long double        3.36210314311209351e-4932 .. 1.18973149535723177e+4932
 8  0 void*              0 .. 0
 8 19 uintptr_t          0 .. 18446744073709551615
 4  9 wchar_t            -2147483648 .. 2147483647
 2  4 char16_t           0 .. 65535
 4  9 char32_t           0 .. 4294967295
