::::::::::::::
gnu-string.out
::::::::::::::
s.repr() = 0x9c9b090
static_cast<void*>(s.pointer_) = 0x9c9b0a8
s.repr()->size_ = 6
s.repr()->capacity_ = 7
s.repr()->refcount_ = 1
s.pointer_ = Hello
s.c_str() = Hello
::::::::::::::
gnu-string.err
::::::::::::::
==15487== Memcheck, a memory error detector
==15487== Copyright (C) 2002-2013, and GNU GPL'd, by Julian Seward et al.
==15487== Using Valgrind-3.10.1 and LibVEX; rerun with -h for copyright info
==15487== Command: gnu-string
==15487== 
==15487== 
==15487== HEAP SUMMARY:
==15487==     in use at exit: 0 bytes in 0 blocks
==15487==   total heap usage: 2 allocs, 2 frees, 47 bytes allocated
==15487== 
==15487== All heap blocks were freed -- no leaks are possible
==15487== 
==15487== For counts of detected and suppressed errors, rerun with: -v
==15487== ERROR SUMMARY: 0 errors from 0 contexts (suppressed: 1 from 1)
