char_type = char
sizeof (char_type_t) = 1
sizeof v = 24
sizeof v.rep_ = 24
sizeof v.rep_.long_ = 24
sizeof v.rep_.long_.capacity_ = 8
sizeof v.rep_.long_.size_ = 8
sizeof v.rep_.long_.data_ = 8
sizeof v.rep_.short_ = 24
sizeof v.rep_.short_.size_ = 1
sizeof v.rep_.short_.padding_ = 1
sizeof v.rep_.short_.data_ = 23
v.char_count = 23
v.min_cap = 23
offset (&v, &v) = 0
offset (&v, &v.rep_) = 0
offset (&v, &v.rep_.long_) = 0
offset (&v, &v.rep_.long_.capacity_) = 0
offset (&v, &v.rep_.long_.size_) = 8
offset (&v, &v.rep_.long_.data_) = 16
offset (&v, &v.rep_.short_) = 0
offset (&v, &v.rep_.short_.size_) = 0
offset (&v, &v.rep_.short_.padding_) = 0
offset (&v, &v.rep_.short_.data_) = 1

char_type = wchar_t
sizeof (char_type_t) = 4
sizeof v = 24
sizeof v.rep_ = 24
sizeof v.rep_.long_ = 24
sizeof v.rep_.long_.capacity_ = 8
sizeof v.rep_.long_.size_ = 8
sizeof v.rep_.long_.data_ = 8
sizeof v.rep_.short_ = 24
sizeof v.rep_.short_.size_ = 1
sizeof v.rep_.short_.padding_ = 4
sizeof v.rep_.short_.data_ = 20
v.char_count = 5
v.min_cap = 5
offset (&v, &v) = 0
offset (&v, &v.rep_) = 0
offset (&v, &v.rep_.long_) = 0
offset (&v, &v.rep_.long_.capacity_) = 0
offset (&v, &v.rep_.long_.size_) = 8
offset (&v, &v.rep_.long_.data_) = 16
offset (&v, &v.rep_.short_) = 0
offset (&v, &v.rep_.short_.size_) = 0
offset (&v, &v.rep_.short_.padding_) = 0
offset (&v, &v.rep_.short_.data_) = 4

char_type = char16_t
sizeof (char_type_t) = 2
sizeof v = 24
sizeof v.rep_ = 24
sizeof v.rep_.long_ = 24
sizeof v.rep_.long_.capacity_ = 8
sizeof v.rep_.long_.size_ = 8
sizeof v.rep_.long_.data_ = 8
sizeof v.rep_.short_ = 24
sizeof v.rep_.short_.size_ = 1
sizeof v.rep_.short_.padding_ = 2
sizeof v.rep_.short_.data_ = 22
v.char_count = 11
v.min_cap = 11
offset (&v, &v) = 0
offset (&v, &v.rep_) = 0
offset (&v, &v.rep_.long_) = 0
offset (&v, &v.rep_.long_.capacity_) = 0
offset (&v, &v.rep_.long_.size_) = 8
offset (&v, &v.rep_.long_.data_) = 16
offset (&v, &v.rep_.short_) = 0
offset (&v, &v.rep_.short_.size_) = 0
offset (&v, &v.rep_.short_.padding_) = 0
offset (&v, &v.rep_.short_.data_) = 2

char_type = char32_t
sizeof (char_type_t) = 4
sizeof v = 24
sizeof v.rep_ = 24
sizeof v.rep_.long_ = 24
sizeof v.rep_.long_.capacity_ = 8
sizeof v.rep_.long_.size_ = 8
sizeof v.rep_.long_.data_ = 8
sizeof v.rep_.short_ = 24
sizeof v.rep_.short_.size_ = 1
sizeof v.rep_.short_.padding_ = 4
sizeof v.rep_.short_.data_ = 20
v.char_count = 5
v.min_cap = 5
offset (&v, &v) = 0
offset (&v, &v.rep_) = 0
offset (&v, &v.rep_.long_) = 0
offset (&v, &v.rep_.long_.capacity_) = 0
offset (&v, &v.rep_.long_.size_) = 8
offset (&v, &v.rep_.long_.data_) = 16
offset (&v, &v.rep_.short_) = 0
offset (&v, &v.rep_.short_.size_) = 0
offset (&v, &v.rep_.short_.padding_) = 0
offset (&v, &v.rep_.short_.data_) = 4
