==23759== Memcheck, a memory error detector
==23759== Copyright (C) 2002-2017, and GNU GPL'd, by Julian Seward et al.
==23759== Using Valgrind-3.14.0.GIT and LibVEX; rerun with -h for copyright info
==23759== Command: smart_ptr hello world foo bar baz
==23759== 
0x5a23090[2]-> {"smart_ptr", 0x5a231b0[1]}
0x5a231b0[2]-> {"hello", 0x5a232c0[1]}
0x5a232c0[2]-> {"world", 0x5a233d0[1]}
0x5a233d0[2]-> {"foo", 0x5a234e0[1]}
0x5a234e0[2]-> {"bar", 0x5a235f0[2]}
0x5a235f0[3]-> {"baz", nullptr}
==23759== 
==23759== HEAP SUMMARY:
==23759==     in use at exit: 0 bytes in 0 blocks
==23759==   total heap usage: 18 allocs, 18 frees, 370 bytes allocated
==23759== 
==23759== All heap blocks were freed -- no leaks are possible
==23759== 
==23759== For counts of detected and suppressed errors, rerun with: -v
==23759== ERROR SUMMARY: 0 errors from 0 contexts (suppressed: 0 from 0)
