==12108== Memcheck, a memory error detector
==12108== Copyright (C) 2002-2017, and GNU GPL'd, by Julian Seward et al.
==12108== Using Valgrind-3.14.0 and LibVEX; rerun with -h for copyright info
==12108== Command: astring foo bar baz qux hello world
==12108== 
first=Hello, World!
second=123lo, World!xy
,
 
W
o
r
l
d
!
x
y
5 16 "argv:"
15 32 "argv: [astring]"
21 32 "argv: [astring] [foo]"
27 32 "argv: [astring] [foo] [bar]"
33 64 "argv: [astring] [foo] [bar] [baz]"
39 64 "argv: [astring] [foo] [bar] [baz] [qux]"
47 64 "argv: [astring] [foo] [bar] [baz] [qux] [hello]"
55 64 "argv: [astring] [foo] [bar] [baz] [qux] [hello] [world]"
==12108== 
==12108== HEAP SUMMARY:
==12108==     in use at exit: 0 bytes in 0 blocks
==12108==   total heap usage: 6 allocs, 6 frees, 176 bytes allocated
==12108== 
==12108== All heap blocks were freed -- no leaks are possible
==12108== 
==12108== For counts of detected and suppressed errors, rerun with: -v
==12108== ERROR SUMMARY: 0 errors from 0 contexts (suppressed: 0 from 0)
