==24877== Memcheck, a memory error detector
==24877== Copyright (C) 2002-2013, and GNU GPL'd, by Julian Seward et al.
==24877== Using Valgrind-3.10.1 and LibVEX; rerun with -h for copyright info
==24877== Command: typeid
==24877== 
TRACE (cout << sizeof (base) << endl;)
16
TRACE (cout << sizeof (extend) << endl;)
24
TRACE (cout << sizeof (other) << endl;)
24
TRACE (base *bptr = new base();)
0x9c9b090->base::base()
TRACE (cout << "typeid *bptr = " << typeid (*bptr).name() << endl;)
typeid *bptr = 4base
TRACE (bptr->print(); cout << endl;)
(base)
TRACE (base *dptr = new extend();)
0x9c9b140->base::base()
0x9c9b140->extend::extend()
TRACE (cout << "typeid *dptr = " << typeid (*dptr).name() << endl;)
typeid *dptr = 6extend
TRACE (dptr->print(); cout << endl;)
(base)::(extend)
TRACE (base *optr = new other();)
0x9c9b270->base::base()
0x9c9b270->other::other()
TRACE (cout << "typeid *optr = " << typeid (*optr).name() << endl;)
typeid *optr = 5other
TRACE (optr->print(); cout << endl;)
(base)::(other)
TRACE (delete optr;)
0x9c9b270->virtual other::~other()
0x9c9b270->virtual base::~base()
TRACE (delete bptr;)
0x9c9b090->virtual base::~base()
TRACE (bptr = dptr;)
TRACE (cout << "typeid *bptr = " << typeid (*bptr).name() << endl;)
typeid *bptr = 6extend
TRACE (bptr->print(); cout << endl;)
(base)::(extend)
TRACE (dptr = dynamic_cast<extend *> (bptr);)
TRACE (cout << "typeid *dptr = " << typeid (*dptr).name() << endl;)
typeid *dptr = 6extend
TRACE (dptr->print(); cout << endl;)
(base)::(extend)
TRACE (extend dloc;)
0xffefff510->base::base()
0xffefff510->extend::extend()
TRACE (cout << "typeid dloc = " << typeid (dloc).name() << endl;)
typeid dloc = 6extend
TRACE (dloc.print(); cout << endl;)
(base)::(extend)
TRACE (delete dptr;)
0x9c9b140->virtual extend::~extend()
0x9c9b140->virtual base::~base()
TRACE (return 0;)
0xffefff510->virtual extend::~extend()
0xffefff510->virtual base::~base()
==24877== 
==24877== HEAP SUMMARY:
==24877==     in use at exit: 0 bytes in 0 blocks
==24877==   total heap usage: 11 allocs, 11 frees, 302 bytes allocated
==24877== 
==24877== All heap blocks were freed -- no leaks are possible
==24877== 
==24877== For counts of detected and suppressed errors, rerun with: -v
==24877== ERROR SUMMARY: 0 errors from 0 contexts (suppressed: 1 from 1)
