::::::::::::::
mutexclick.out1
::::::::::::::
main starting
mutex racer 0 looped 10,000,000 finished mutex_counter 36,957,790
mutex racer 2 looped 10,000,000 finished mutex_counter 37,172,163
mutex racer 3 looped 10,000,000 finished mutex_counter 38,742,617
mutex racer 1 looped 10,000,000 finished mutex_counter 40,000,000
main finished mutex_counter 40,000,000
0:04.42 elapsed, 3.81 kernel, 4.61 user
::::::::::::::
mutexclick.out2
::::::::::::::
main starting
mutex racer 1 looped 10,000,000 finished mutex_counter 38,138,984
mutex racer 2 looped 10,000,000 finished mutex_counter 38,824,076
mutex racer 0 looped 10,000,000 finished mutex_counter 39,055,849
mutex racer 3 looped 10,000,000 finished mutex_counter 40,000,000
main finished mutex_counter 40,000,000
0:04.28 elapsed, 3.53 kernel, 4.60 user
::::::::::::::
mutexclick.out3
::::::::::::::
main starting
mutex racer 0 looped 10,000,000 finished mutex_counter 36,019,892
mutex racer 3 looped 10,000,000 finished mutex_counter 37,184,292
mutex racer 2 looped 10,000,000 finished mutex_counter 39,081,924
mutex racer 1 looped 10,000,000 finished mutex_counter 40,000,000
main finished mutex_counter 40,000,000
0:04.30 elapsed, 3.70 kernel, 4.52 user
::::::::::::::
mutexclick.out4
::::::::::::::
main starting
mutex racer 0 looped 10,000,000 finished mutex_counter 33,257,503
mutex racer 2 looped 10,000,000 finished mutex_counter 36,781,523
mutex racer 1 looped 10,000,000 finished mutex_counter 39,440,920
mutex racer 3 looped 10,000,000 finished mutex_counter 40,000,000
main finished mutex_counter 40,000,000
0:04.66 elapsed, 3.71 kernel, 5.19 user
