::::::::::::::
raceclick.out1
::::::::::::::
main starting
racer 1 looped 10,000,000 finished *counter 14,448,835
racer 3 looped 10,000,000 finished *counter 18,481,212
racer 2 looped 10,000,000 finished *counter 24,262,049
racer 0 looped 10,000,000 finished *counter 29,826,140
main finished counter 29,826,140
0:00.13 elapsed, 0.00 kernel, 0.20 user
::::::::::::::
raceclick.out2
::::::::::::::
main starting
racer 2 looped 10,000,000 finished *counter 14,879,029
racer 1 looped 10,000,000 finished *counter 19,779,439
racer 0 looped 10,000,000 finished *counter 19,915,604
racer 3 looped 10,000,000 finished *counter 21,826,429
main finished counter 21,826,429
0:00.13 elapsed, 0.00 kernel, 0.23 user
::::::::::::::
raceclick.out3
::::::::::::::
main starting
racer 2 looped 10,000,000 finished *counter 10,417,968
racer 1 looped 10,000,000 finished *counter 14,106,184
racer 0 looped 10,000,000 finished *counter 13,942,143
racer 3 looped 10,000,000 finished *counter 16,692,953
main finished counter 16,692,953
0:00.12 elapsed, 0.00 kernel, 0.22 user
::::::::::::::
raceclick.out4
::::::::::::::
main starting
racer 3 looped 10,000,000 finished *counter 13,604,408
racer 1 looped 10,000,000 finished *counter 14,120,600
racer 2 looped 10,000,000 finished *counter 15,862,251
racer 0 looped 10,000,000 finished *counter 16,170,799
main finished counter 16,170,799
0:00.15 elapsed, 0.00 kernel, 0.29 user
