thread::hardware_concurrency() = 2
Starting thread 0 139943003633408
Starting thread 1 139942995240704
Starting thread 2 139942986848000
Starting thread 3 139942978455296
Starting thread 4 139942970062592
Starting thread 5 139942961669888
Starting thread 6 139942953277184
Starting thread 7 139942944884480
Starting thread 8 139942936491776
Starting thread 9 139942928099072
Starting thread 10 139942919706368
Starting thread 11 139942911313664
Starting thread 12 139942902920960
Starting thread 13 139942894528256
Starting thread 14 139942886135552
Starting thread 15 139942877742848
Joining 139943003633408
Hello 15 is thread id 139942877742848
Hello 14 is thread id 139942886135552
Hello 12 is thread id 139942902920960
Hello 10 is thread id 139942919706368
Hello 8 is thread id 139942936491776
Hello 6 is thread id 139942953277184
Hello 4 is thread id 139942970062592
Hello 2 is thread id 139942986848000
Hello 13 is thread id 139942894528256
Hello 11 is thread id 139942911313664
Hello 9 is thread id 139942928099072
Hello 7 is thread id 139942944884480
Hello 5 is thread id 139942961669888
Hello 3 is thread id 139942978455296
Hello 0 is thread id 139943003633408
Joining 139942995240704Hello 
1 is thread id 139942995240704
Joining 139942986848000
Joining 139942978455296
Joining 139942970062592
Joining 139942961669888
Joining 139942953277184
Joining 139942944884480
Joining 139942936491776
Joining 139942928099072
Joining 139942919706368
Joining 139942911313664
Joining 139942902920960
Joining 139942894528256
Joining 139942886135552
Joining 139942877742848
