==19292== Memcheck, a memory error detector
==19292== Copyright (C) 2002-2017, and GNU GPL'd, by Julian Seward et al.
==19292== Using Valgrind-3.14.0 and LibVEX; rerun with -h for copyright info
==19292== Command: ./yshell
==19292== 
yshell: Bad: no such function
yshell: cat: file: is a directory
yshell: cat: second: is a directory
yshell: cat: file: is a directory
yshell: #: no such function
yshell: #: no such function
yshell: #: no such function
==19292== 
==19292== HEAP SUMMARY:
==19292==     in use at exit: 0 bytes in 0 blocks
==19292==   total heap usage: 226 allocs, 226 frees, 8,323 bytes allocated
==19292== 
==19292== All heap blocks were freed -- no leaks are possible
==19292== 
==19292== For counts of detected and suppressed errors, rerun with: -v
==19292== ERROR SUMMARY: 0 errors from 0 contexts (suppressed: 0 from 0)
