==1485== Memcheck, a memory error detector
==1485== Copyright (C) 2002-2017, and GNU GPL'd, by Julian Seward et al.
==1485== Using Valgrind-3.14.0 and LibVEX; rerun with -h for copyright info
==1485== Command: iterintvec
==1485== 
99
==1485== Invalid read of size 4
==1485==    at 0x400F61: main (iterintvec.cpp:130)
==1485==  Address 0x5a24fdc is 3,884 bytes inside an unallocated block of size 4,194,096 in arena "client"
==1485== 
v1[999] = 0
99 1234
99 99
 0 0 0 99 0 0 0 0 0 0
 0 0 0 99 0 0 0 0 0 0
 0 0 0 99 0 0 0 0 0 0
==1485== 
==1485== HEAP SUMMARY:
==1485==     in use at exit: 0 bytes in 0 blocks
==1485==   total heap usage: 3 allocs, 3 frees, 120 bytes allocated
==1485== 
==1485== All heap blocks were freed -- no leaks are possible
==1485== 
==1485== For counts of detected and suppressed errors, rerun with: -v
==1485== ERROR SUMMARY: 1 errors from 1 contexts (suppressed: 0 from 0)
