==21190== Memcheck, a memory error detector
==21190== Copyright (C) 2002-2017, and GNU GPL'd, by Julian Seward et al.
==21190== Using Valgrind-3.14.0 and LibVEX; rerun with -h for copyright info
==21190== Command: linkstrstack this is some test data for the stack
==21190== 
loop 1: stack
loop 1: the
loop 1: for
loop 1: data
loop newstack: test
loop newstack: some
loop newstack: is
loop newstack: this
==21190== 
==21190== HEAP SUMMARY:
==21190==     in use at exit: 0 bytes in 0 blocks
==21190==   total heap usage: 20 allocs, 20 frees, 421 bytes allocated
==21190== 
==21190== All heap blocks were freed -- no leaks are possible
==21190== 
==21190== For counts of detected and suppressed errors, rerun with: -v
==21190== ERROR SUMMARY: 0 errors from 0 contexts (suppressed: 0 from 0)
