==27467== Memcheck, a memory error detector
==27467== Copyright (C) 2002-2017, and GNU GPL'd, by Julian Seward et al.
==27467== Using Valgrind-3.14.0 and LibVEX; rerun with -h for copyright info
==27467== Command: ./strvec foo bar baz qux quux
==27467== 
indexing: this
indexing: is
indexing: an
indexing: array
indexing: of
indexing: words
iterator: this
iterator: is
iterator: an
iterator: array
iterator: of
iterator: words
auto itor: this
auto itor: is
auto itor: an
auto itor: array
auto itor: of
auto itor: words
for colon: this
for colon: is
for colon: an
for colon: array
for colon: of
for colon: words
lambda: this
lambda: is
lambda: an
lambda: array
lambda: of
lambda: words
for_each: this
for_each: is
for_each: an
for_each: array
for_each: of
for_each: words
==27467== 
==27467== HEAP SUMMARY:
==27467==     in use at exit: 0 bytes in 0 blocks
==27467==   total heap usage: 7 allocs, 7 frees, 218 bytes allocated
==27467== 
==27467== All heap blocks were freed -- no leaks are possible
==27467== 
==27467== For counts of detected and suppressed errors, rerun with: -v
==27467== ERROR SUMMARY: 0 errors from 0 contexts (suppressed: 0 from 0)
